<?xml version="1.0" encoding="UTF-8"?>
<testsuite xmlns:xsi="http://www.w3.org/2001/XMLSchema-instance" xsi:noNamespaceSchemaLocation="https://maven.apache.org/surefire/maven-surefire-plugin/xsd/surefire-test-report.xsd" version="3.0.2" name="PersonalConstructorTest" time="46.121" tests="2" errors="0" skipped="0" failures="0">
  <properties>
[...]
</properties>
  <testcase name="transitionToConstructorFromLk[0]" classname="PersonalConstructorTest" time="34.204">
    <system-out><![CDATA[18:15:27.945 [main] DEBUG org.apache.http.impl.conn.BasicClientConnectionManager -- Get connection for route {s}->https://stellarburgers.nomoreparties.site:443
18:15:27.950 [main] DEBUG org.apache.http.impl.conn.DefaultClientConnectionOperator -- Connecting to stellarburgers.nomoreparties.site:443
18:15:28.087 [main] DEBUG org.apache.http.client.protocol.RequestAddCookies -- CookieSpec selected: ignoreCookies
18:15:28.087 [main] DEBUG org.apache.http.client.protocol.RequestAuthCache -- Auth cache not set in the context
18:15:28.087 [main] DEBUG org.apache.http.client.protocol.RequestTargetAuthentication -- Target auth state: UNCHALLENGED
18:15:28.087 [main] DEBUG org.apache.http.client.protocol.RequestProxyAuthentication -- Proxy auth state: UNCHALLENGED
18:15:28.088 [main] DEBUG org.apache.http.impl.client.DefaultHttpClient -- Attempt 1 to execute request
18:15:28.088 [main] DEBUG org.apache.http.impl.conn.DefaultClientConnection -- Sending request: POST /api/auth/register HTTP/1.1
18:15:28.088 [main] DEBUG org.apache.http.wire --  >> "POST /api/auth/register HTTP/1.1[\r][\n]"
18:15:28.088 [main] DEBUG org.apache.http.wire --  >> "Accept: */*[\r][\n]"
18:15:28.088 [main] DEBUG org.apache.http.wire --  >> "Content-Type: application/json[\r][\n]"
18:15:28.088 [main] DEBUG org.apache.http.wire --  >> "Content-Length: 67[\r][\n]"
18:15:28.088 [main] DEBUG org.apache.http.wire --  >> "Host: stellarburgers.nomoreparties.site[\r][\n]"
18:15:28.088 [main] DEBUG org.apache.http.wire --  >> "Connection: Keep-Alive[\r][\n]"
18:15:28.088 [main] DEBUG org.apache.http.wire --  >> "User-Agent: Apache-HttpClient/4.5.13 (Java/11.0.23)[\r][\n]"
18:15:28.089 [main] DEBUG org.apache.http.wire --  >> "Accept-Encoding: gzip,deflate[\r][\n]"
18:15:28.089 [main] DEBUG org.apache.http.wire --  >> "[\r][\n]"
18:15:28.089 [main] DEBUG org.apache.http.headers -- >> POST /api/auth/register HTTP/1.1
18:15:28.089 [main] DEBUG org.apache.http.headers -- >> Accept: */*
18:15:28.089 [main] DEBUG org.apache.http.headers -- >> Content-Type: application/json
18:15:28.089 [main] DEBUG org.apache.http.headers -- >> Content-Length: 67
18:15:28.089 [main] DEBUG org.apache.http.headers -- >> Host: stellarburgers.nomoreparties.site
18:15:28.089 [main] DEBUG org.apache.http.headers -- >> Connection: Keep-Alive
18:15:28.089 [main] DEBUG org.apache.http.headers -- >> User-Agent: Apache-HttpClient/4.5.13 (Java/11.0.23)
18:15:28.089 [main] DEBUG org.apache.http.headers -- >> Accept-Encoding: gzip,deflate
18:15:28.089 [main] DEBUG org.apache.http.wire --  >> "{"name":"UkMywJxABn","email":"xelcs@efmp.ru","password":"0cDITV8K"}"
18:15:28.282 [main] DEBUG org.apache.http.wire --  << "HTTP/1.1 200 OK[\r][\n]"
18:15:28.283 [main] DEBUG org.apache.http.wire --  << "Date: Thu, 05 Sep 2024 15:12:21 GMT[\r][\n]"
18:15:28.283 [main] DEBUG org.apache.http.wire --  << "Content-Type: application/json; charset=utf-8[\r][\n]"
18:15:28.283 [main] DEBUG org.apache.http.wire --  << "Transfer-Encoding: chunked[\r][\n]"
18:15:28.283 [main] DEBUG org.apache.http.wire --  << "Connection: keep-alive[\r][\n]"
18:15:28.283 [main] DEBUG org.apache.http.wire --  << "X-Powered-By: Express[\r][\n]"
18:15:28.283 [main] DEBUG org.apache.http.wire --  << "Access-Control-Allow-Origin: *[\r][\n]"
18:15:28.283 [main] DEBUG org.apache.http.wire --  << "authorization: Bearer eyJhbGciOiJIUzI1NiIsInR5cCI6IkpXVCJ9.eyJpZCI6IjY2ZDljYTU1OWVkMjgwMDAxYjRhYzgxYSIsImlhdCI6MTcyNTU0OTE0MSwiZXhwIjoxNzI1NTUwMzQxfQ.QnUH5RtKGcJ32fB_P5ptJ0pKZZLF6FgWjD9JLSsRs6o[\r][\n]"
18:15:28.283 [main] DEBUG org.apache.http.wire --  << "ETag: W/"16a-fLUd6woNt6a5YqkTuQGzZ2xN0bE"[\r][\n]"
18:15:28.283 [main] DEBUG org.apache.http.wire --  << "CF-Cache-Status: DYNAMIC[\r][\n]"
18:15:28.283 [main] DEBUG org.apache.http.wire --  << "Report-To: {"endpoints":[{"url":"https:\/\/a.nel.cloudflare.com\/report\/v4?s=SuiAERJQWr%2BznyyVIKxzHGN6tScXWkzuJImaj75lODvHEreZ89fM62EY%2B1uH93FnKx1NLmanW%2FDgKTh3OxR5YuCybZ4y01cyuajBuz9OG6bXnqI6qssO4KSSJflRICMLc3xqJLIzAuW4fueT39k1GExvD%2Fc%3D"}],"group":"cf-nel","max_age":604800}[\r][\n]"
18:15:28.283 [main] DEBUG org.apache.http.wire --  << "NEL: {"success_fraction":0,"report_to":"cf-nel","max_age":604800}[\r][\n]"
18:15:28.283 [main] DEBUG org.apache.http.wire --  << "Server: cloudflare[\r][\n]"
18:15:28.283 [main] DEBUG org.apache.http.wire --  << "CF-RAY: 8be728360a39569b-OSL[\r][\n]"
18:15:28.283 [main] DEBUG org.apache.http.wire --  << "Content-Encoding: gzip[\r][\n]"
18:15:28.283 [main] DEBUG org.apache.http.wire --  << "alt-svc: h3=":443"; ma=86400[\r][\n]"
18:15:28.283 [main] DEBUG org.apache.http.wire --  << "[\r][\n]"
18:15:28.284 [main] DEBUG org.apache.http.impl.conn.DefaultClientConnection -- Receiving response: HTTP/1.1 200 OK
18:15:28.284 [main] DEBUG org.apache.http.headers -- << HTTP/1.1 200 OK
18:15:28.284 [main] DEBUG org.apache.http.headers -- << Date: Thu, 05 Sep 2024 15:12:21 GMT
18:15:28.284 [main] DEBUG org.apache.http.headers -- << Content-Type: application/json; charset=utf-8
18:15:28.284 [main] DEBUG org.apache.http.headers -- << Transfer-Encoding: chunked
18:15:28.284 [main] DEBUG org.apache.http.headers -- << Connection: keep-alive
18:15:28.284 [main] DEBUG org.apache.http.headers -- << X-Powered-By: Express
18:15:28.284 [main] DEBUG org.apache.http.headers -- << Access-Control-Allow-Origin: *
18:15:28.284 [main] DEBUG org.apache.http.headers -- << authorization: Bearer eyJhbGciOiJIUzI1NiIsInR5cCI6IkpXVCJ9.eyJpZCI6IjY2ZDljYTU1OWVkMjgwMDAxYjRhYzgxYSIsImlhdCI6MTcyNTU0OTE0MSwiZXhwIjoxNzI1NTUwMzQxfQ.QnUH5RtKGcJ32fB_P5ptJ0pKZZLF6FgWjD9JLSsRs6o
18:15:28.284 [main] DEBUG org.apache.http.headers -- << ETag: W/"16a-fLUd6woNt6a5YqkTuQGzZ2xN0bE"
18:15:28.284 [main] DEBUG org.apache.http.headers -- << CF-Cache-Status: DYNAMIC
18:15:28.284 [main] DEBUG org.apache.http.headers -- << Report-To: {"endpoints":[{"url":"https:\/\/a.nel.cloudflare.com\/report\/v4?s=SuiAERJQWr%2BznyyVIKxzHGN6tScXWkzuJImaj75lODvHEreZ89fM62EY%2B1uH93FnKx1NLmanW%2FDgKTh3OxR5YuCybZ4y01cyuajBuz9OG6bXnqI6qssO4KSSJflRICMLc3xqJLIzAuW4fueT39k1GExvD%2Fc%3D"}],"group":"cf-nel","max_age":604800}
18:15:28.284 [main] DEBUG org.apache.http.headers -- << NEL: {"success_fraction":0,"report_to":"cf-nel","max_age":604800}
18:15:28.284 [main] DEBUG org.apache.http.headers -- << Server: cloudflare
18:15:28.284 [main] DEBUG org.apache.http.headers -- << CF-RAY: 8be728360a39569b-OSL
18:15:28.284 [main] DEBUG org.apache.http.headers -- << Content-Encoding: gzip
18:15:28.284 [main] DEBUG org.apache.http.headers -- << alt-svc: h3=":443"; ma=86400
18:15:28.284 [main] DEBUG org.apache.http.impl.client.DefaultHttpClient -- Connection can be kept alive indefinitely
18:15:28.285 [main] DEBUG io.restassured.internal.RestAssuredHttpBuilder -- Parsing response as: application/json; charset=utf-8
18:15:28.285 [main] DEBUG org.apache.http.wire --  << "146[\r][\n]"
18:15:28.285 [main] DEBUG org.apache.http.wire --  << "[0x1f][0x8b][0x8][0x0][0x0][0x0][0x0][0x0][0x0][0x3]4[0x8f]Ao[0x82]0[0x18]@[0xff][0xca][0xf2][0x9d][0x8d])X[0xe8][0xca]iS7W[0x14][0x9d][\n]"
18:15:28.285 [main] DEBUG org.apache.http.wire --  << ":[0xb8],m[0xf9][0x10]P[0x91]P[\r][0xa8][0xf1][0xbf]/[[0xb2][0xeb];[0xbc][0x97]w[0x7]s[0xd1][0x1a][0x8d][0x1][0xef][0xdc]\[0xb0][0x7][0x17][0x83][\r]xw[0xc0][0xa3],[0xe][0xe0]A[0x87][0x7]m^0;[0xd6][0xfd][0xe6][0x2]=[0xa8][0xe4][0x11][0xc1][0x83]h[0x1f]\[[0xbf]{[0x1d]V[0xf0][0xe8][0x81][0xfc]S[0x84][0xa7]=V[0xe0][0xc1][0x10]e[0x83][0xcd][0x13]^[0xfd]\Mt[0xb1](|[0x11][0xdd][0x84]5/[0x84][0x11][0xd5][0xca][0xd1]#[0xe1][0x8a]}[0xfd][0xb5][0x19][0xf9][0xbc][0x8f]W[0xbf]N~A[0x19][0xdb][0xc9][0xf8]P[0xc6]ad-[0xb6][0x9b]}P[0xee][0xda]`[0xfc][0xda][0xc5][0xe5]*[0x8f]o[0xbb].^[0xb]#[0x8e][0x87]<[0x1d][0x9]7[0x8][0xf5]u[0x1e]Fd[0x11][0xbe][0x91]`[0xdd][0x16][0xc9]W[0xde][0x8a][0xf2][0xd4][0xcd]#a[0xd4][0x6][0xb7]e[0x97]-[0xfb][0xcb]*[0xfa]pV[0xe7][0xe9]D[0xfb][0x3];[0x1b]~:[0xf5][0xd9]'[0xf5]4If[0xef][0xee][0xfb]n[[0x8e][0xb9]?[[0x9b][0x95]qO[0xd0][0x83][0x6][0xb3][0x6]M[0xfe][0xff][0xc0]3[0xaa][0x90]K[0x9d][0x11]EUj!'[0xd2]u[0x1c][q-%[0xa3]LY[0x84][0xd1][0x94]X[0xc8]$[0xcd][0xa8]b[0x92]P[0x9e][0xda][0x8c]*T[0x92]1[0xce][0x91]<[0xbb][0x83]AJ[0xf5][0x0]Q[0xda].2x[0xfc][0x0][0x0][0x0][0xff][0xff][0x3][0x0][0x95]WJ[0x80]j[0x1][0x0][0x0]"
18:15:28.285 [main] DEBUG org.apache.http.wire --  << "[\r][\n]"
18:15:28.290 [main] DEBUG org.apache.http.wire --  << "0[\r][\n]"
18:15:28.290 [main] DEBUG org.apache.http.wire --  << "[\r][\n]"
18:15:28.290 [main] DEBUG io.restassured.internal.RestAssuredHttpBuilder -- Parsed data to instance of: class org.apache.http.conn.EofSensorInputStream
18:15:31.212 [main] DEBUG org.apache.http.impl.conn.BasicClientConnectionManager -- Get connection for route {s}->https://stellarburgers.nomoreparties.site:443
18:15:31.212 [main] DEBUG org.apache.http.impl.conn.DefaultClientConnectionOperator -- Connecting to stellarburgers.nomoreparties.site:443
18:15:31.364 [main] DEBUG org.apache.http.client.protocol.RequestAddCookies -- CookieSpec selected: ignoreCookies
18:15:31.365 [main] DEBUG org.apache.http.client.protocol.RequestAuthCache -- Auth cache not set in the context
18:15:31.365 [main] DEBUG org.apache.http.client.protocol.RequestTargetAuthentication -- Target auth state: UNCHALLENGED
18:15:31.365 [main] DEBUG org.apache.http.client.protocol.RequestProxyAuthentication -- Proxy auth state: UNCHALLENGED
18:15:31.365 [main] DEBUG org.apache.http.impl.client.DefaultHttpClient -- Attempt 1 to execute request
18:15:31.365 [main] DEBUG org.apache.http.impl.conn.DefaultClientConnection -- Sending request: POST /api/auth/login HTTP/1.1
18:15:31.365 [main] DEBUG org.apache.http.wire --  >> "POST /api/auth/login HTTP/1.1[\r][\n]"
18:15:31.365 [main] DEBUG org.apache.http.wire --  >> "Accept: */*[\r][\n]"
18:15:31.365 [main] DEBUG org.apache.http.wire --  >> "Content-Type: application/json[\r][\n]"
18:15:31.365 [main] DEBUG org.apache.http.wire --  >> "Content-Length: 67[\r][\n]"
18:15:31.365 [main] DEBUG org.apache.http.wire --  >> "Host: stellarburgers.nomoreparties.site[\r][\n]"
18:15:31.365 [main] DEBUG org.apache.http.wire --  >> "Connection: Keep-Alive[\r][\n]"
18:15:31.365 [main] DEBUG org.apache.http.wire --  >> "User-Agent: Apache-HttpClient/4.5.13 (Java/11.0.23)[\r][\n]"
18:15:31.365 [main] DEBUG org.apache.http.wire --  >> "Accept-Encoding: gzip,deflate[\r][\n]"
18:15:31.365 [main] DEBUG org.apache.http.wire --  >> "[\r][\n]"
18:15:31.365 [main] DEBUG org.apache.http.headers -- >> POST /api/auth/login HTTP/1.1
18:15:31.365 [main] DEBUG org.apache.http.headers -- >> Accept: */*
18:15:31.365 [main] DEBUG org.apache.http.headers -- >> Content-Type: application/json
18:15:31.365 [main] DEBUG org.apache.http.headers -- >> Content-Length: 67
18:15:31.365 [main] DEBUG org.apache.http.headers -- >> Host: stellarburgers.nomoreparties.site
18:15:31.365 [main] DEBUG org.apache.http.headers -- >> Connection: Keep-Alive
18:15:31.365 [main] DEBUG org.apache.http.headers -- >> User-Agent: Apache-HttpClient/4.5.13 (Java/11.0.23)
18:15:31.365 [main] DEBUG org.apache.http.headers -- >> Accept-Encoding: gzip,deflate
18:15:31.365 [main] DEBUG org.apache.http.wire --  >> "{"name":"UkMywJxABn","email":"xelcs@efmp.ru","password":"0cDITV8K"}"
18:15:31.554 [main] DEBUG org.apache.http.wire --  << "HTTP/1.1 200 OK[\r][\n]"
18:15:31.554 [main] DEBUG org.apache.http.wire --  << "Date: Thu, 05 Sep 2024 15:12:24 GMT[\r][\n]"
18:15:31.554 [main] DEBUG org.apache.http.wire --  << "Content-Type: application/json; charset=utf-8[\r][\n]"
18:15:31.554 [main] DEBUG org.apache.http.wire --  << "Transfer-Encoding: chunked[\r][\n]"
18:15:31.554 [main] DEBUG org.apache.http.wire --  << "Connection: keep-alive[\r][\n]"
18:15:31.554 [main] DEBUG org.apache.http.wire --  << "X-Powered-By: Express[\r][\n]"
18:15:31.554 [main] DEBUG org.apache.http.wire --  << "Access-Control-Allow-Origin: *[\r][\n]"
18:15:31.554 [main] DEBUG org.apache.http.wire --  << "ETag: W/"16a-xnlmQCFrcuQwS6kAhiXDfQS9INk"[\r][\n]"
18:15:31.554 [main] DEBUG org.apache.http.wire --  << "CF-Cache-Status: DYNAMIC[\r][\n]"
18:15:31.555 [main] DEBUG org.apache.http.wire --  << "Report-To: {"endpoints":[{"url":"https:\/\/a.nel.cloudflare.com\/report\/v4?s=lmj59FWQVZi28QDwGOCxo70HKKZEnVBUhDgtDsTCiEIqo4hNSEQ9B6zeaFgGFLiHqRI4QRy1Z4dHpA8ZwvSRUMiDNovPIsSXtNj8vwWk7QgkNG%2F1J6%2BN4eSKzm5iPAun%2FZjQ8vo%2BKCUleWWIYpHVKfDyFIo%3D"}],"group":"cf-nel","max_age":604800}[\r][\n]"
18:15:31.555 [main] DEBUG org.apache.http.wire --  << "NEL: {"success_fraction":0,"report_to":"cf-nel","max_age":604800}[\r][\n]"
18:15:31.555 [main] DEBUG org.apache.http.wire --  << "Server: cloudflare[\r][\n]"
18:15:31.555 [main] DEBUG org.apache.http.wire --  << "CF-RAY: 8be7284a8d2856c3-OSL[\r][\n]"
18:15:31.555 [main] DEBUG org.apache.http.wire --  << "Content-Encoding: gzip[\r][\n]"
18:15:31.555 [main] DEBUG org.apache.http.wire --  << "alt-svc: h3=":443"; ma=86400[\r][\n]"
18:15:31.555 [main] DEBUG org.apache.http.wire --  << "[\r][\n]"
18:15:31.555 [main] DEBUG org.apache.http.impl.conn.DefaultClientConnection -- Receiving response: HTTP/1.1 200 OK
18:15:31.555 [main] DEBUG org.apache.http.headers -- << HTTP/1.1 200 OK
18:15:31.555 [main] DEBUG org.apache.http.headers -- << Date: Thu, 05 Sep 2024 15:12:24 GMT
18:15:31.555 [main] DEBUG org.apache.http.headers -- << Content-Type: application/json; charset=utf-8
18:15:31.555 [main] DEBUG org.apache.http.headers -- << Transfer-Encoding: chunked
18:15:31.555 [main] DEBUG org.apache.http.headers -- << Connection: keep-alive
18:15:31.555 [main] DEBUG org.apache.http.headers -- << X-Powered-By: Express
18:15:31.555 [main] DEBUG org.apache.http.headers -- << Access-Control-Allow-Origin: *
18:15:31.555 [main] DEBUG org.apache.http.headers -- << ETag: W/"16a-xnlmQCFrcuQwS6kAhiXDfQS9INk"
18:15:31.555 [main] DEBUG org.apache.http.headers -- << CF-Cache-Status: DYNAMIC
18:15:31.555 [main] DEBUG org.apache.http.headers -- << Report-To: {"endpoints":[{"url":"https:\/\/a.nel.cloudflare.com\/report\/v4?s=lmj59FWQVZi28QDwGOCxo70HKKZEnVBUhDgtDsTCiEIqo4hNSEQ9B6zeaFgGFLiHqRI4QRy1Z4dHpA8ZwvSRUMiDNovPIsSXtNj8vwWk7QgkNG%2F1J6%2BN4eSKzm5iPAun%2FZjQ8vo%2BKCUleWWIYpHVKfDyFIo%3D"}],"group":"cf-nel","max_age":604800}
18:15:31.555 [main] DEBUG org.apache.http.headers -- << NEL: {"success_fraction":0,"report_to":"cf-nel","max_age":604800}
18:15:31.555 [main] DEBUG org.apache.http.headers -- << Server: cloudflare
18:15:31.555 [main] DEBUG org.apache.http.headers -- << CF-RAY: 8be7284a8d2856c3-OSL
18:15:31.555 [main] DEBUG org.apache.http.headers -- << Content-Encoding: gzip
18:15:31.555 [main] DEBUG org.apache.http.headers -- << alt-svc: h3=":443"; ma=86400
18:15:31.555 [main] DEBUG org.apache.http.impl.client.DefaultHttpClient -- Connection can be kept alive indefinitely
18:15:31.555 [main] DEBUG io.restassured.internal.RestAssuredHttpBuilder -- Parsing response as: application/json; charset=utf-8
18:15:31.555 [main] DEBUG org.apache.http.wire --  << "143[\r][\n]"
18:15:31.555 [main] DEBUG org.apache.http.wire --  << "[0x1f][0x8b][0x8][0x0][0x0][0x0][0x0][0x0][0x0][0x3]4[0x8f][0xcb]n[0x82]@[0x14]@[0xa5][0xb9]k5[0x8c][0xc8]sU[0xc4][0xb6][0x19]"[0x18][0xed]`[0xc1][0xdd]x[0xe7]"[0xe0][0x3][0xb]5<[0x8c][0xff][0xde][0xd8][0xa4][0xcb]s6'[0xe7][0xe][0xcd][\r][0x91][0x9a][0x6][0xdc][0x9f][0xfa]F#[0x90]$[0xaa]#][0xc0][0x85]9[0xc9][0x9a][0xea][0x17][0xea][0x83]|[0xff][0x81][0xc5][0xaa][0x8]x<p[0x16][0x15][0xbc][0xe1][0x97][0x8d][0x81]>7[0xf9][0xf1][0x9a]l[0xfd][0xc0][0x99]P[0x1f]\wOQ[0xa6][0xd3][0xdd][0xe2]T[0xa6]"f[0xab][0xaf][0xed]1,[0xf]m[0xb8][0xf0][0xba][0xb4][0xdc][0xe4][0xe9]p[0xe8][0xd2]O[0xde][0xf0][0xf3])W>7C[0x81]}$bm%[0xde][0xb4][0xc8]o[0x8b]][0x92][0xb7][0xbc][0xac][0xba][0xe8][0x19][0x11]q[0x1b][0xe]k-[O[0xb4][0xc5]2[0xa8][0xea]B[0xc9]jH,[0xf][0xb5][0xe5]x<Ode[0xb]o[0x91][0x8e]K[0x8b][0xbf][0xaf]b[0x11][0x19]kf[0xa6]0[0x82][0x9a][0xb2][0x9a][0x9a][0xfc][0xff]A:[0xa6]ab[0xa6]3[0xdb]QJI)[0x19][0x1a][0xb6]![0xed]L[0xd9][0x8a]l)[0xa7]J9[0x92][0xe1][0xde]R[0xba]C[0x88]{[0x83][0xa9][0xc][0x99]BK[0xc3]Y[0x86][0xfa]t[0xa6][0xa9]L[0xa1]r,}[0xcf]hf0[0x18][0xc1][0xad][0xa1][0x1a][0xdc];[0xd0]Y[0x16]'p[0xa1][0xa3][0x13]6[0xaf][0x94][0x9d][0xaf][0x93][0xfa][0x6]#[0xb8][0xc8]3[0x81][0xb][0xf1]1[0xec][0xdb][0xa0][0xf3][0xe6][0x17]x<~[0x1][0x0][0x0][0xff][0xff][0x3][0x0]t[0xe0][0xdb][0x90]j[0x1][0x0][0x0]"
18:15:31.555 [main] DEBUG org.apache.http.wire --  << "[\r][\n]"
18:15:31.559 [main] DEBUG org.apache.http.wire --  << "0[\r][\n]"
18:15:31.559 [main] DEBUG org.apache.http.wire --  << "[\r][\n]"
18:15:31.559 [main] DEBUG io.restassured.internal.RestAssuredHttpBuilder -- Parsed data to instance of: class org.apache.http.conn.EofSensorInputStream
18:15:31.560 [main] DEBUG org.apache.http.impl.conn.BasicClientConnectionManager -- Releasing connection org.apache.http.impl.conn.ManagedClientConnectionImpl@42bd4a4c
18:15:31.560 [main] DEBUG org.apache.http.impl.conn.BasicClientConnectionManager -- Connection can be kept alive indefinitely
18:15:31.618 [main] DEBUG org.apache.http.impl.conn.BasicClientConnectionManager -- Get connection for route {s}->https://stellarburgers.nomoreparties.site:443
18:15:31.618 [main] DEBUG org.apache.http.impl.conn.DefaultClientConnectionOperator -- Connecting to stellarburgers.nomoreparties.site:443
18:15:31.750 [main] DEBUG org.apache.http.client.protocol.RequestAddCookies -- CookieSpec selected: ignoreCookies
18:15:31.751 [main] DEBUG org.apache.http.client.protocol.RequestAuthCache -- Auth cache not set in the context
18:15:31.751 [main] DEBUG org.apache.http.client.protocol.RequestProxyAuthentication -- Proxy auth state: UNCHALLENGED
18:15:31.751 [main] DEBUG org.apache.http.impl.client.DefaultHttpClient -- Attempt 1 to execute request
18:15:31.751 [main] DEBUG org.apache.http.impl.conn.DefaultClientConnection -- Sending request: DELETE /api/auth/user HTTP/1.1
18:15:31.751 [main] DEBUG org.apache.http.wire --  >> "DELETE /api/auth/user HTTP/1.1[\r][\n]"
18:15:31.751 [main] DEBUG org.apache.http.wire --  >> "Authorization: Bearer eyJhbGciOiJIUzI1NiIsInR5cCI6IkpXVCJ9.eyJpZCI6IjY2ZDljYTU1OWVkMjgwMDAxYjRhYzgxYSIsImlhdCI6MTcyNTU0OTE0NCwiZXhwIjoxNzI1NTUwMzQ0fQ.0DLJoridaozX7Ac0L--BXao8TADY-j7IFqOUTN5Q16Y[\r][\n]"
18:15:31.751 [main] DEBUG org.apache.http.wire --  >> "Accept: */*[\r][\n]"
18:15:31.751 [main] DEBUG org.apache.http.wire --  >> "Content-Type: application/json[\r][\n]"
18:15:31.751 [main] DEBUG org.apache.http.wire --  >> "Content-Length: 67[\r][\n]"
18:15:31.751 [main] DEBUG org.apache.http.wire --  >> "Host: stellarburgers.nomoreparties.site[\r][\n]"
18:15:31.752 [main] DEBUG org.apache.http.wire --  >> "Connection: Keep-Alive[\r][\n]"
18:15:31.752 [main] DEBUG org.apache.http.wire --  >> "User-Agent: Apache-HttpClient/4.5.13 (Java/11.0.23)[\r][\n]"
18:15:31.752 [main] DEBUG org.apache.http.wire --  >> "Accept-Encoding: gzip,deflate[\r][\n]"
18:15:31.752 [main] DEBUG org.apache.http.wire --  >> "[\r][\n]"
18:15:31.752 [main] DEBUG org.apache.http.headers -- >> DELETE /api/auth/user HTTP/1.1
18:15:31.752 [main] DEBUG org.apache.http.headers -- >> Authorization: Bearer eyJhbGciOiJIUzI1NiIsInR5cCI6IkpXVCJ9.eyJpZCI6IjY2ZDljYTU1OWVkMjgwMDAxYjRhYzgxYSIsImlhdCI6MTcyNTU0OTE0NCwiZXhwIjoxNzI1NTUwMzQ0fQ.0DLJoridaozX7Ac0L--BXao8TADY-j7IFqOUTN5Q16Y
18:15:31.752 [main] DEBUG org.apache.http.headers -- >> Accept: */*
18:15:31.752 [main] DEBUG org.apache.http.headers -- >> Content-Type: application/json
18:15:31.752 [main] DEBUG org.apache.http.headers -- >> Content-Length: 67
18:15:31.752 [main] DEBUG org.apache.http.headers -- >> Host: stellarburgers.nomoreparties.site
18:15:31.752 [main] DEBUG org.apache.http.headers -- >> Connection: Keep-Alive
18:15:31.752 [main] DEBUG org.apache.http.headers -- >> User-Agent: Apache-HttpClient/4.5.13 (Java/11.0.23)
18:15:31.752 [main] DEBUG org.apache.http.headers -- >> Accept-Encoding: gzip,deflate
18:15:31.752 [main] DEBUG org.apache.http.wire --  >> "{"name":"UkMywJxABn","email":"xelcs@efmp.ru","password":"0cDITV8K"}"
18:15:32.205 [main] DEBUG org.apache.http.wire --  << "HTTP/1.1 202 Accepted[\r][\n]"
18:15:32.205 [main] DEBUG org.apache.http.wire --  << "Date: Thu, 05 Sep 2024 15:12:25 GMT[\r][\n]"
18:15:32.205 [main] DEBUG org.apache.http.wire --  << "Content-Type: application/json; charset=utf-8[\r][\n]"
18:15:32.205 [main] DEBUG org.apache.http.wire --  << "Content-Length: 54[\r][\n]"
18:15:32.205 [main] DEBUG org.apache.http.wire --  << "Connection: keep-alive[\r][\n]"
18:15:32.206 [main] DEBUG org.apache.http.wire --  << "X-Powered-By: Express[\r][\n]"
18:15:32.206 [main] DEBUG org.apache.http.wire --  << "Access-Control-Allow-Origin: *[\r][\n]"
18:15:32.206 [main] DEBUG org.apache.http.wire --  << "ETag: W/"36-hDmZnQ3Ou/ynnqAeC6TYmyseuzY"[\r][\n]"
18:15:32.206 [main] DEBUG org.apache.http.wire --  << "CF-Cache-Status: DYNAMIC[\r][\n]"
18:15:32.206 [main] DEBUG org.apache.http.wire --  << "Report-To: {"endpoints":[{"url":"https:\/\/a.nel.cloudflare.com\/report\/v4?s=77PY2Q5HIwPPh7FQZlxK8YTQ0Po8iVr8yscbe5K%2BZBpKQd8f66FOSr2WoRLvzizxQgwBHrW9hmfRztXs9B%2Bqk6yL%2BFcz9KaPjwe8pyaRFXoLMMRgyNGbZzZ6sscoFy1hcg4ewxnxn6qf3TR13C8attjm2tU%3D"}],"group":"cf-nel","max_age":604800}[\r][\n]"
18:15:32.206 [main] DEBUG org.apache.http.wire --  << "NEL: {"success_fraction":0,"report_to":"cf-nel","max_age":604800}[\r][\n]"
18:15:32.206 [main] DEBUG org.apache.http.wire --  << "Server: cloudflare[\r][\n]"
18:15:32.206 [main] DEBUG org.apache.http.wire --  << "CF-RAY: 8be7284cfe36569a-OSL[\r][\n]"
18:15:32.206 [main] DEBUG org.apache.http.wire --  << "alt-svc: h3=":443"; ma=86400[\r][\n]"
18:15:32.206 [main] DEBUG org.apache.http.wire --  << "[\r][\n]"
18:15:32.206 [main] DEBUG org.apache.http.impl.conn.DefaultClientConnection -- Receiving response: HTTP/1.1 202 Accepted
18:15:32.206 [main] DEBUG org.apache.http.headers -- << HTTP/1.1 202 Accepted
18:15:32.206 [main] DEBUG org.apache.http.headers -- << Date: Thu, 05 Sep 2024 15:12:25 GMT
18:15:32.206 [main] DEBUG org.apache.http.headers -- << Content-Type: application/json; charset=utf-8
18:15:32.206 [main] DEBUG org.apache.http.headers -- << Content-Length: 54
18:15:32.206 [main] DEBUG org.apache.http.headers -- << Connection: keep-alive
18:15:32.206 [main] DEBUG org.apache.http.headers -- << X-Powered-By: Express
18:15:32.206 [main] DEBUG org.apache.http.headers -- << Access-Control-Allow-Origin: *
18:15:32.207 [main] DEBUG org.apache.http.headers -- << ETag: W/"36-hDmZnQ3Ou/ynnqAeC6TYmyseuzY"
18:15:32.207 [main] DEBUG org.apache.http.headers -- << CF-Cache-Status: DYNAMIC
18:15:32.207 [main] DEBUG org.apache.http.headers -- << Report-To: {"endpoints":[{"url":"https:\/\/a.nel.cloudflare.com\/report\/v4?s=77PY2Q5HIwPPh7FQZlxK8YTQ0Po8iVr8yscbe5K%2BZBpKQd8f66FOSr2WoRLvzizxQgwBHrW9hmfRztXs9B%2Bqk6yL%2BFcz9KaPjwe8pyaRFXoLMMRgyNGbZzZ6sscoFy1hcg4ewxnxn6qf3TR13C8attjm2tU%3D"}],"group":"cf-nel","max_age":604800}
18:15:32.207 [main] DEBUG org.apache.http.headers -- << NEL: {"success_fraction":0,"report_to":"cf-nel","max_age":604800}
18:15:32.207 [main] DEBUG org.apache.http.headers -- << Server: cloudflare
18:15:32.207 [main] DEBUG org.apache.http.headers -- << CF-RAY: 8be7284cfe36569a-OSL
18:15:32.207 [main] DEBUG org.apache.http.headers -- << alt-svc: h3=":443"; ma=86400
18:15:32.207 [main] DEBUG org.apache.http.impl.client.DefaultHttpClient -- Connection can be kept alive indefinitely
18:15:32.207 [main] DEBUG io.restassured.internal.RestAssuredHttpBuilder -- Parsing response as: application/json; charset=utf-8
18:15:32.207 [main] DEBUG io.restassured.internal.RestAssuredHttpBuilder -- Parsed data to instance of: class org.apache.http.conn.EofSensorInputStream
]]></system-out>
    <system-err><![CDATA[сент. 05, 2024 6:15:00 PM org.openqa.selenium.devtools.CdpVersionFinder findNearestMatch
WARNING: Unable to find an exact match for CDP version 128, returning the closest version; found: 126; Please update to a Selenium version that supports CDP version 128
]]></system-err>
  </testcase>
  <testcase name="transitionToConstructorFromLk[1]" classname="PersonalConstructorTest" time="11.735">
    <system-out><![CDATA[18:15:40.318 [main] DEBUG org.apache.http.impl.conn.BasicClientConnectionManager -- Get connection for route {s}->https://stellarburgers.nomoreparties.site:443
18:15:40.318 [main] DEBUG org.apache.http.impl.conn.DefaultClientConnectionOperator -- Connecting to stellarburgers.nomoreparties.site:443
18:15:40.442 [main] DEBUG org.apache.http.client.protocol.RequestAddCookies -- CookieSpec selected: ignoreCookies
18:15:40.442 [main] DEBUG org.apache.http.client.protocol.RequestAuthCache -- Auth cache not set in the context
18:15:40.442 [main] DEBUG org.apache.http.client.protocol.RequestTargetAuthentication -- Target auth state: UNCHALLENGED
18:15:40.442 [main] DEBUG org.apache.http.client.protocol.RequestProxyAuthentication -- Proxy auth state: UNCHALLENGED
18:15:40.442 [main] DEBUG org.apache.http.impl.client.DefaultHttpClient -- Attempt 1 to execute request
18:15:40.442 [main] DEBUG org.apache.http.impl.conn.DefaultClientConnection -- Sending request: POST /api/auth/register HTTP/1.1
18:15:40.442 [main] DEBUG org.apache.http.wire --  >> "POST /api/auth/register HTTP/1.1[\r][\n]"
18:15:40.442 [main] DEBUG org.apache.http.wire --  >> "Accept: */*[\r][\n]"
18:15:40.442 [main] DEBUG org.apache.http.wire --  >> "Content-Type: application/json[\r][\n]"
18:15:40.442 [main] DEBUG org.apache.http.wire --  >> "Content-Length: 67[\r][\n]"
18:15:40.442 [main] DEBUG org.apache.http.wire --  >> "Host: stellarburgers.nomoreparties.site[\r][\n]"
18:15:40.442 [main] DEBUG org.apache.http.wire --  >> "Connection: Keep-Alive[\r][\n]"
18:15:40.442 [main] DEBUG org.apache.http.wire --  >> "User-Agent: Apache-HttpClient/4.5.13 (Java/11.0.23)[\r][\n]"
18:15:40.442 [main] DEBUG org.apache.http.wire --  >> "Accept-Encoding: gzip,deflate[\r][\n]"
18:15:40.442 [main] DEBUG org.apache.http.wire --  >> "[\r][\n]"
18:15:40.442 [main] DEBUG org.apache.http.headers -- >> POST /api/auth/register HTTP/1.1
18:15:40.442 [main] DEBUG org.apache.http.headers -- >> Accept: */*
18:15:40.442 [main] DEBUG org.apache.http.headers -- >> Content-Type: application/json
18:15:40.442 [main] DEBUG org.apache.http.headers -- >> Content-Length: 67
18:15:40.442 [main] DEBUG org.apache.http.headers -- >> Host: stellarburgers.nomoreparties.site
18:15:40.442 [main] DEBUG org.apache.http.headers -- >> Connection: Keep-Alive
18:15:40.443 [main] DEBUG org.apache.http.headers -- >> User-Agent: Apache-HttpClient/4.5.13 (Java/11.0.23)
18:15:40.443 [main] DEBUG org.apache.http.headers -- >> Accept-Encoding: gzip,deflate
18:15:40.443 [main] DEBUG org.apache.http.wire --  >> "{"name":"LRBmaoxjkr","email":"sylmj@unaa.ru","password":"ae6D8w5Y"}"
18:15:40.631 [main] DEBUG org.apache.http.wire --  << "HTTP/1.1 200 OK[\r][\n]"
18:15:40.631 [main] DEBUG org.apache.http.wire --  << "Date: Thu, 05 Sep 2024 15:12:33 GMT[\r][\n]"
18:15:40.631 [main] DEBUG org.apache.http.wire --  << "Content-Type: application/json; charset=utf-8[\r][\n]"
18:15:40.631 [main] DEBUG org.apache.http.wire --  << "Transfer-Encoding: chunked[\r][\n]"
18:15:40.631 [main] DEBUG org.apache.http.wire --  << "Connection: keep-alive[\r][\n]"
18:15:40.631 [main] DEBUG org.apache.http.wire --  << "X-Powered-By: Express[\r][\n]"
18:15:40.631 [main] DEBUG org.apache.http.wire --  << "Access-Control-Allow-Origin: *[\r][\n]"
18:15:40.631 [main] DEBUG org.apache.http.wire --  << "authorization: Bearer eyJhbGciOiJIUzI1NiIsInR5cCI6IkpXVCJ9.eyJpZCI6IjY2ZDljYTYxOWVkMjgwMDAxYjRhYzgxZSIsImlhdCI6MTcyNTU0OTE1MywiZXhwIjoxNzI1NTUwMzUzfQ.MN_TUmibfUOemNUZteZiQ-T26hk55un2sXGaHdilE1s[\r][\n]"
18:15:40.631 [main] DEBUG org.apache.http.wire --  << "ETag: W/"16a-SwtgDuwQGnGAP54v1ivUNvCetzI"[\r][\n]"
18:15:40.631 [main] DEBUG org.apache.http.wire --  << "CF-Cache-Status: DYNAMIC[\r][\n]"
18:15:40.631 [main] DEBUG org.apache.http.wire --  << "Report-To: {"endpoints":[{"url":"https:\/\/a.nel.cloudflare.com\/report\/v4?s=FOVCcpKwRzSpM1rJBtCdSh0MLTcssbnu2slK9Z6xfC9eOTrFnShnu7AdLcMN8apiXx3s%2BZnGKt74fV6J9066Qxn4EE%2FlOUHpgHcxwnmuYIdb4NeRIFute76YbLnDrt5RyPpKLdCe1AOZ5WA60DqHhAe4a7M%3D"}],"group":"cf-nel","max_age":604800}[\r][\n]"
18:15:40.631 [main] DEBUG org.apache.http.wire --  << "NEL: {"success_fraction":0,"report_to":"cf-nel","max_age":604800}[\r][\n]"
18:15:40.631 [main] DEBUG org.apache.http.wire --  << "Server: cloudflare[\r][\n]"
18:15:40.631 [main] DEBUG org.apache.http.wire --  << "CF-RAY: 8be728834faa0b55-OSL[\r][\n]"
18:15:40.631 [main] DEBUG org.apache.http.wire --  << "Content-Encoding: gzip[\r][\n]"
18:15:40.631 [main] DEBUG org.apache.http.wire --  << "alt-svc: h3=":443"; ma=86400[\r][\n]"
18:15:40.631 [main] DEBUG org.apache.http.wire --  << "[\r][\n]"
18:15:40.631 [main] DEBUG org.apache.http.impl.conn.DefaultClientConnection -- Receiving response: HTTP/1.1 200 OK
18:15:40.632 [main] DEBUG org.apache.http.headers -- << HTTP/1.1 200 OK
18:15:40.632 [main] DEBUG org.apache.http.headers -- << Date: Thu, 05 Sep 2024 15:12:33 GMT
18:15:40.632 [main] DEBUG org.apache.http.headers -- << Content-Type: application/json; charset=utf-8
18:15:40.632 [main] DEBUG org.apache.http.headers -- << Transfer-Encoding: chunked
18:15:40.632 [main] DEBUG org.apache.http.headers -- << Connection: keep-alive
18:15:40.632 [main] DEBUG org.apache.http.headers -- << X-Powered-By: Express
18:15:40.632 [main] DEBUG org.apache.http.headers -- << Access-Control-Allow-Origin: *
18:15:40.632 [main] DEBUG org.apache.http.headers -- << authorization: Bearer eyJhbGciOiJIUzI1NiIsInR5cCI6IkpXVCJ9.eyJpZCI6IjY2ZDljYTYxOWVkMjgwMDAxYjRhYzgxZSIsImlhdCI6MTcyNTU0OTE1MywiZXhwIjoxNzI1NTUwMzUzfQ.MN_TUmibfUOemNUZteZiQ-T26hk55un2sXGaHdilE1s
18:15:40.632 [main] DEBUG org.apache.http.headers -- << ETag: W/"16a-SwtgDuwQGnGAP54v1ivUNvCetzI"
18:15:40.632 [main] DEBUG org.apache.http.headers -- << CF-Cache-Status: DYNAMIC
18:15:40.632 [main] DEBUG org.apache.http.headers -- << Report-To: {"endpoints":[{"url":"https:\/\/a.nel.cloudflare.com\/report\/v4?s=FOVCcpKwRzSpM1rJBtCdSh0MLTcssbnu2slK9Z6xfC9eOTrFnShnu7AdLcMN8apiXx3s%2BZnGKt74fV6J9066Qxn4EE%2FlOUHpgHcxwnmuYIdb4NeRIFute76YbLnDrt5RyPpKLdCe1AOZ5WA60DqHhAe4a7M%3D"}],"group":"cf-nel","max_age":604800}
18:15:40.632 [main] DEBUG org.apache.http.headers -- << NEL: {"success_fraction":0,"report_to":"cf-nel","max_age":604800}
18:15:40.632 [main] DEBUG org.apache.http.headers -- << Server: cloudflare
18:15:40.632 [main] DEBUG org.apache.http.headers -- << CF-RAY: 8be728834faa0b55-OSL
18:15:40.632 [main] DEBUG org.apache.http.headers -- << Content-Encoding: gzip
18:15:40.632 [main] DEBUG org.apache.http.headers -- << alt-svc: h3=":443"; ma=86400
18:15:40.632 [main] DEBUG org.apache.http.impl.client.DefaultHttpClient -- Connection can be kept alive indefinitely
18:15:40.633 [main] DEBUG io.restassured.internal.RestAssuredHttpBuilder -- Parsing response as: application/json; charset=utf-8
18:15:40.633 [main] DEBUG org.apache.http.wire --  << "143[\r][\n]"
18:15:40.633 [main] DEBUG org.apache.http.wire --  << "[0x1f][0x8b][0x8][0x0][0x0][0x0][0x0][0x0][0x0][0x3]4[0x8f][0xcb]n[0x82]@[0x14]@[0xa5][0xb9]kjx[0xb][0xac]Z[0x1f][0xb1]C[\n]"
18:15:40.633 [main] DEBUG org.apache.http.wire --  << "D[0xb]V[0xd8]43[0xe3][0x1d]yk[0x18][0x9][0xa0][0xf1][0xdf][0x1b][0x9b]t{[0x16][0xe7][0xe4][0xdc]A[0xf6][0x9c][0xa3][0x94][0xe0]][0xbb][0x1e][0x15][0xe8]%v[0xe0][0xdd][0x1][0x1b]Z[0xd4][0xe0][0x81][0x9c][0xea][0xa6]|[0xeb][Jg][0xf][\n]"
18:15:40.633 [main] DEBUG org.apache.http.wire --  << "[0xb4][0xb4]A[0xf0][0xe0]s[0xb7]h[0xe8]y,[0xab][0xe][0x1e][\n]"
18:15:40.633 [main] DEBUG org.apache.http.wire --  << "[0xd0]?E|[0xae][0xb0][0x5][0xf][0x16]H;[0xec]^p[0xf2]s[0xb6][0xe1]ET[0xf8]$[0xb9][0x11]-,[0x88]$[0xed][0xce][0xe2]Kb[0x93][0xea]r[0xd8]/}w[0x86][0x93][0xc9][0x9e][0xa0]L[0xf5]lU[0x97]i[0x9c][0x8e][0xd1][0xf7][0xbe][\n]"
18:15:40.633 [main] DEBUG org.apache.http.wire --  << "[0xca][0xd3][0x10][0xac][0xde][0xc7][0xb4][0xdc][0xe5][0xe9][0xed]4f_D[0x92][0xa6][0xce][0x8f]Kb[0x7]1[0x9f][0xc2]8Q[0xa3]x[0xad][0x5][0xd3]Pd[0x87]| [0xe5]y[0xc][0x9f][0x91]8[0x19][0x82][r[0x13][0xdb]Y[0x10][0xfe][0xc4]IS0[0x91]D[0xd8][0x84]Iv[0xc5][0xac][0xd8][0xbe][0xc6][0xba][0x9d]W[0x96][0xd5][0xb7][0xba]<l[0xe8][0xc7][0xb1][0xa8][0xd7][0x9a][0x4][0x5]:[0x14][0x1d][0xca][0xfc][0xff][0xc1]TU[0xc1]uJ][0x97][\n]"
18:15:40.633 [main] DEBUG org.apache.http.wire --  << "[0x15]u[0x9b]9[0x8e]A[0x1d][0xd3]B[0x93][0xb]j[0xd9][0x86][0xae]1[0x8d][0xa9][0xdc][0x10][0xa6][0xc1][0x98][0x8d][0xdc][0xd1]9?[0xaa][0x82]2[0xee][0xa2][0xa3][0x9b][0xa6][0xea][0xa0]5[0xb7][0xc5][0xdc]r[0xc][0xd5]r[0x99][0x9][0x8f]_[0x0][0x0][0x0][0xff][0xff][0x3][0x0]$[0xa2][0x84]qj[0x1][0x0][0x0]"
18:15:40.633 [main] DEBUG org.apache.http.wire --  << "[\r][\n]"
18:15:40.640 [main] DEBUG org.apache.http.wire --  << "0[\r][\n]"
18:15:40.640 [main] DEBUG org.apache.http.wire --  << "[\r][\n]"
18:15:40.640 [main] DEBUG io.restassured.internal.RestAssuredHttpBuilder -- Parsed data to instance of: class org.apache.http.conn.EofSensorInputStream
18:15:43.065 [main] DEBUG org.apache.http.impl.conn.BasicClientConnectionManager -- Get connection for route {s}->https://stellarburgers.nomoreparties.site:443
18:15:43.065 [main] DEBUG org.apache.http.impl.conn.DefaultClientConnectionOperator -- Connecting to stellarburgers.nomoreparties.site:443
18:15:43.176 [main] DEBUG org.apache.http.client.protocol.RequestAddCookies -- CookieSpec selected: ignoreCookies
18:15:43.176 [main] DEBUG org.apache.http.client.protocol.RequestAuthCache -- Auth cache not set in the context
18:15:43.176 [main] DEBUG org.apache.http.client.protocol.RequestTargetAuthentication -- Target auth state: UNCHALLENGED
18:15:43.176 [main] DEBUG org.apache.http.client.protocol.RequestProxyAuthentication -- Proxy auth state: UNCHALLENGED
18:15:43.176 [main] DEBUG org.apache.http.impl.client.DefaultHttpClient -- Attempt 1 to execute request
18:15:43.176 [main] DEBUG org.apache.http.impl.conn.DefaultClientConnection -- Sending request: POST /api/auth/login HTTP/1.1
18:15:43.177 [main] DEBUG org.apache.http.wire --  >> "POST /api/auth/login HTTP/1.1[\r][\n]"
18:15:43.177 [main] DEBUG org.apache.http.wire --  >> "Accept: */*[\r][\n]"
18:15:43.177 [main] DEBUG org.apache.http.wire --  >> "Content-Type: application/json[\r][\n]"
18:15:43.177 [main] DEBUG org.apache.http.wire --  >> "Content-Length: 67[\r][\n]"
18:15:43.177 [main] DEBUG org.apache.http.wire --  >> "Host: stellarburgers.nomoreparties.site[\r][\n]"
18:15:43.177 [main] DEBUG org.apache.http.wire --  >> "Connection: Keep-Alive[\r][\n]"
18:15:43.177 [main] DEBUG org.apache.http.wire --  >> "User-Agent: Apache-HttpClient/4.5.13 (Java/11.0.23)[\r][\n]"
18:15:43.177 [main] DEBUG org.apache.http.wire --  >> "Accept-Encoding: gzip,deflate[\r][\n]"
18:15:43.177 [main] DEBUG org.apache.http.wire --  >> "[\r][\n]"
18:15:43.177 [main] DEBUG org.apache.http.headers -- >> POST /api/auth/login HTTP/1.1
18:15:43.177 [main] DEBUG org.apache.http.headers -- >> Accept: */*
18:15:43.177 [main] DEBUG org.apache.http.headers -- >> Content-Type: application/json
18:15:43.177 [main] DEBUG org.apache.http.headers -- >> Content-Length: 67
18:15:43.177 [main] DEBUG org.apache.http.headers -- >> Host: stellarburgers.nomoreparties.site
18:15:43.177 [main] DEBUG org.apache.http.headers -- >> Connection: Keep-Alive
18:15:43.177 [main] DEBUG org.apache.http.headers -- >> User-Agent: Apache-HttpClient/4.5.13 (Java/11.0.23)
18:15:43.178 [main] DEBUG org.apache.http.headers -- >> Accept-Encoding: gzip,deflate
18:15:43.178 [main] DEBUG org.apache.http.wire --  >> "{"name":"LRBmaoxjkr","email":"sylmj@unaa.ru","password":"ae6D8w5Y"}"
18:15:43.365 [main] DEBUG org.apache.http.wire --  << "HTTP/1.1 200 OK[\r][\n]"
18:15:43.365 [main] DEBUG org.apache.http.wire --  << "Date: Thu, 05 Sep 2024 15:12:36 GMT[\r][\n]"
18:15:43.365 [main] DEBUG org.apache.http.wire --  << "Content-Type: application/json; charset=utf-8[\r][\n]"
18:15:43.366 [main] DEBUG org.apache.http.wire --  << "Transfer-Encoding: chunked[\r][\n]"
18:15:43.366 [main] DEBUG org.apache.http.wire --  << "Connection: keep-alive[\r][\n]"
18:15:43.366 [main] DEBUG org.apache.http.wire --  << "X-Powered-By: Express[\r][\n]"
18:15:43.366 [main] DEBUG org.apache.http.wire --  << "Access-Control-Allow-Origin: *[\r][\n]"
18:15:43.366 [main] DEBUG org.apache.http.wire --  << "ETag: W/"16a-QbcX2tEiPapfgad5W+VON9+jkAw"[\r][\n]"
18:15:43.366 [main] DEBUG org.apache.http.wire --  << "CF-Cache-Status: DYNAMIC[\r][\n]"
18:15:43.366 [main] DEBUG org.apache.http.wire --  << "Report-To: {"endpoints":[{"url":"https:\/\/a.nel.cloudflare.com\/report\/v4?s=PN3VITiEIDpLiF9OEKq1PdDXHdi2Twu3IXVCn8jGGn3cWhb8KoXngd9nSmjML7LW%2F5KJItdtQqJ1UEeCq9J%2FPNBA7Tn5o%2FRyV%2F4uCK4xxIxw92J0fxj7rxyFkr8rp9gULnItWy27PYYnDcc3gdtkughynfk%3D"}],"group":"cf-nel","max_age":604800}[\r][\n]"
18:15:43.366 [main] DEBUG org.apache.http.wire --  << "NEL: {"success_fraction":0,"report_to":"cf-nel","max_age":604800}[\r][\n]"
18:15:43.366 [main] DEBUG org.apache.http.wire --  << "Server: cloudflare[\r][\n]"
18:15:43.366 [main] DEBUG org.apache.http.wire --  << "CF-RAY: 8be7289468ae1bfa-OSL[\r][\n]"
18:15:43.366 [main] DEBUG org.apache.http.wire --  << "Content-Encoding: gzip[\r][\n]"
18:15:43.366 [main] DEBUG org.apache.http.wire --  << "alt-svc: h3=":443"; ma=86400[\r][\n]"
18:15:43.366 [main] DEBUG org.apache.http.wire --  << "[\r][\n]"
18:15:43.366 [main] DEBUG org.apache.http.impl.conn.DefaultClientConnection -- Receiving response: HTTP/1.1 200 OK
18:15:43.366 [main] DEBUG org.apache.http.headers -- << HTTP/1.1 200 OK
18:15:43.366 [main] DEBUG org.apache.http.headers -- << Date: Thu, 05 Sep 2024 15:12:36 GMT
18:15:43.366 [main] DEBUG org.apache.http.headers -- << Content-Type: application/json; charset=utf-8
18:15:43.366 [main] DEBUG org.apache.http.headers -- << Transfer-Encoding: chunked
18:15:43.366 [main] DEBUG org.apache.http.headers -- << Connection: keep-alive
18:15:43.366 [main] DEBUG org.apache.http.headers -- << X-Powered-By: Express
18:15:43.366 [main] DEBUG org.apache.http.headers -- << Access-Control-Allow-Origin: *
18:15:43.366 [main] DEBUG org.apache.http.headers -- << ETag: W/"16a-QbcX2tEiPapfgad5W+VON9+jkAw"
18:15:43.366 [main] DEBUG org.apache.http.headers -- << CF-Cache-Status: DYNAMIC
18:15:43.366 [main] DEBUG org.apache.http.headers -- << Report-To: {"endpoints":[{"url":"https:\/\/a.nel.cloudflare.com\/report\/v4?s=PN3VITiEIDpLiF9OEKq1PdDXHdi2Twu3IXVCn8jGGn3cWhb8KoXngd9nSmjML7LW%2F5KJItdtQqJ1UEeCq9J%2FPNBA7Tn5o%2FRyV%2F4uCK4xxIxw92J0fxj7rxyFkr8rp9gULnItWy27PYYnDcc3gdtkughynfk%3D"}],"group":"cf-nel","max_age":604800}
18:15:43.366 [main] DEBUG org.apache.http.headers -- << NEL: {"success_fraction":0,"report_to":"cf-nel","max_age":604800}
18:15:43.366 [main] DEBUG org.apache.http.headers -- << Server: cloudflare
18:15:43.366 [main] DEBUG org.apache.http.headers -- << CF-RAY: 8be7289468ae1bfa-OSL
18:15:43.366 [main] DEBUG org.apache.http.headers -- << Content-Encoding: gzip
18:15:43.366 [main] DEBUG org.apache.http.headers -- << alt-svc: h3=":443"; ma=86400
18:15:43.366 [main] DEBUG org.apache.http.impl.client.DefaultHttpClient -- Connection can be kept alive indefinitely
18:15:43.367 [main] DEBUG io.restassured.internal.RestAssuredHttpBuilder -- Parsing response as: application/json; charset=utf-8
18:15:43.367 [main] DEBUG org.apache.http.wire --  << "145[\r][\n]"
18:15:43.367 [main] DEBUG org.apache.http.wire --  << "[0x1f][0x8b][0x8][0x0][0x0][0x0][0x0][0x0][0x0][0x3]4[0x8f]Oo[0x82]0[0x1c]@[0xbf][0xca][0xf2];[0xab])P[0xa0][0xe3][0xb4][0xf9]g[0xa6]f`[0xe6]@[0xc5][[0xa1][0xad]P[0x4]Y;&b[0xfc][0xee][0x8b]Kv|[0xef][0xf2][0xf2]n`[0xba]<[0x17][0xc6]@[0xf0][0xad];1[0x2][0xf6]G[0xf1][0xb9][0x12][\r][0x4]0[0x15]L[0xb][0xfd]$[0xae][0xab]"[[0xe6][0xe5][0xba]\[0xd1]d[0xa0]VTRC[0x9b][0x8d][0x9b][0xcf][0xa8]G[0xab]v[0xbf][0x9d][0xad][0x9e]'[0xe2][0xba]j[0xf][0xf][0xa1]R[0xfb]0?[0xa9]4N[0xfb][0xf5]n[[0x85][0xea]x[0x9][0xe7][0xaf]}[0xaa]6E:[0x1c][0xfb][0xc3]'5[0xb4]>[0x15]|F[0xbd]0[0xce][0xaf]Q[0x9c][0xa0]u[0xbc][0xb0][0xa2][0xf2]R[0x1e][0xf6][0xc5][0x85][0xaa]s[0x1f]="qr[0x9][0x87][0xc4][0x96][0x1f][0x93][0xe8]G[0xcf]z{[0x11][0x1e][0x8f]_K{[0x98][0x8f][0xc7][0x91]7[0xad]S[0x83][0xc7][0xbb][0xf6]-[0xe3][0x8a]9[0xed]GI[0x13][0xbe]tP[0x2]#[0xd0]Bja[0x8a][0xff][0x7][0x1b][0x13][0xc2]D[0x96]!F[0x90][0x85][0xfd][0xcc]rr'[0xc3]Dp[0xce][0x10]![0xae]K[0xa4][0xef]#[0xdf]a[0xc8]e[0x92]q[0xdf][0xc5][0x84][0xdb][0xe][0xca][0x98][0xb4]\)[0x4][0xf6],[0xe9]#nqI[0xa4][0xb4]s[0xec]c[0x18]Ag[0x84][0x86][0xe0][0x6][0xa2]f[0xe5][0x9][0x2]0[0xd7]S[0xad]^[0xba][0x86][0xb1][0x89][0xee]`[0x4][\r][0xab][0x5][0x4][0xf0][0xbe][0x99][0xd6][0xec][0xdc][0xab]J[0xc3][0xfd][0xfe][0xb][0x0][0x0][0xff][0xff][0x3][0x0][0x88][0x6][0x9][0x1b]j[0x1][0x0][0x0]"
18:15:43.367 [main] DEBUG org.apache.http.wire --  << "[\r][\n]"
18:15:43.374 [main] DEBUG org.apache.http.wire --  << "0[\r][\n]"
18:15:43.375 [main] DEBUG org.apache.http.wire --  << "[\r][\n]"
18:15:43.375 [main] DEBUG io.restassured.internal.RestAssuredHttpBuilder -- Parsed data to instance of: class org.apache.http.conn.EofSensorInputStream
18:15:43.376 [main] DEBUG org.apache.http.impl.conn.BasicClientConnectionManager -- Releasing connection org.apache.http.impl.conn.ManagedClientConnectionImpl@6b5ad1bb
18:15:43.376 [main] DEBUG org.apache.http.impl.conn.BasicClientConnectionManager -- Connection can be kept alive indefinitely
18:15:43.417 [main] DEBUG org.apache.http.impl.conn.BasicClientConnectionManager -- Get connection for route {s}->https://stellarburgers.nomoreparties.site:443
18:15:43.417 [main] DEBUG org.apache.http.impl.conn.DefaultClientConnectionOperator -- Connecting to stellarburgers.nomoreparties.site:443
18:15:43.550 [main] DEBUG org.apache.http.client.protocol.RequestAddCookies -- CookieSpec selected: ignoreCookies
18:15:43.550 [main] DEBUG org.apache.http.client.protocol.RequestAuthCache -- Auth cache not set in the context
18:15:43.550 [main] DEBUG org.apache.http.client.protocol.RequestProxyAuthentication -- Proxy auth state: UNCHALLENGED
18:15:43.551 [main] DEBUG org.apache.http.impl.client.DefaultHttpClient -- Attempt 1 to execute request
18:15:43.551 [main] DEBUG org.apache.http.impl.conn.DefaultClientConnection -- Sending request: DELETE /api/auth/user HTTP/1.1
18:15:43.551 [main] DEBUG org.apache.http.wire --  >> "DELETE /api/auth/user HTTP/1.1[\r][\n]"
18:15:43.551 [main] DEBUG org.apache.http.wire --  >> "Authorization: Bearer eyJhbGciOiJIUzI1NiIsInR5cCI6IkpXVCJ9.eyJpZCI6IjY2ZDljYTYxOWVkMjgwMDAxYjRhYzgxZSIsImlhdCI6MTcyNTU0OTE1NiwiZXhwIjoxNzI1NTUwMzU2fQ.NvrCx2EMggqG2zD--N6BmYs4-WpFbdja3pQiIUdG30U[\r][\n]"
18:15:43.551 [main] DEBUG org.apache.http.wire --  >> "Accept: */*[\r][\n]"
18:15:43.551 [main] DEBUG org.apache.http.wire --  >> "Content-Type: application/json[\r][\n]"
18:15:43.551 [main] DEBUG org.apache.http.wire --  >> "Content-Length: 67[\r][\n]"
18:15:43.551 [main] DEBUG org.apache.http.wire --  >> "Host: stellarburgers.nomoreparties.site[\r][\n]"
18:15:43.551 [main] DEBUG org.apache.http.wire --  >> "Connection: Keep-Alive[\r][\n]"
18:15:43.551 [main] DEBUG org.apache.http.wire --  >> "User-Agent: Apache-HttpClient/4.5.13 (Java/11.0.23)[\r][\n]"
18:15:43.551 [main] DEBUG org.apache.http.wire --  >> "Accept-Encoding: gzip,deflate[\r][\n]"
18:15:43.551 [main] DEBUG org.apache.http.wire --  >> "[\r][\n]"
18:15:43.551 [main] DEBUG org.apache.http.headers -- >> DELETE /api/auth/user HTTP/1.1
18:15:43.551 [main] DEBUG org.apache.http.headers -- >> Authorization: Bearer eyJhbGciOiJIUzI1NiIsInR5cCI6IkpXVCJ9.eyJpZCI6IjY2ZDljYTYxOWVkMjgwMDAxYjRhYzgxZSIsImlhdCI6MTcyNTU0OTE1NiwiZXhwIjoxNzI1NTUwMzU2fQ.NvrCx2EMggqG2zD--N6BmYs4-WpFbdja3pQiIUdG30U
18:15:43.551 [main] DEBUG org.apache.http.headers -- >> Accept: */*
18:15:43.551 [main] DEBUG org.apache.http.headers -- >> Content-Type: application/json
18:15:43.551 [main] DEBUG org.apache.http.headers -- >> Content-Length: 67
18:15:43.551 [main] DEBUG org.apache.http.headers -- >> Host: stellarburgers.nomoreparties.site
18:15:43.551 [main] DEBUG org.apache.http.headers -- >> Connection: Keep-Alive
18:15:43.551 [main] DEBUG org.apache.http.headers -- >> User-Agent: Apache-HttpClient/4.5.13 (Java/11.0.23)
18:15:43.551 [main] DEBUG org.apache.http.headers -- >> Accept-Encoding: gzip,deflate
18:15:43.551 [main] DEBUG org.apache.http.wire --  >> "{"name":"LRBmaoxjkr","email":"sylmj@unaa.ru","password":"ae6D8w5Y"}"
18:15:43.951 [main] DEBUG org.apache.http.wire --  << "HTTP/1.1 202 Accepted[\r][\n]"
18:15:43.951 [main] DEBUG org.apache.http.wire --  << "Date: Thu, 05 Sep 2024 15:12:37 GMT[\r][\n]"
18:15:43.951 [main] DEBUG org.apache.http.wire --  << "Content-Type: application/json; charset=utf-8[\r][\n]"
18:15:43.951 [main] DEBUG org.apache.http.wire --  << "Content-Length: 54[\r][\n]"
18:15:43.951 [main] DEBUG org.apache.http.wire --  << "Connection: keep-alive[\r][\n]"
18:15:43.951 [main] DEBUG org.apache.http.wire --  << "X-Powered-By: Express[\r][\n]"
18:15:43.951 [main] DEBUG org.apache.http.wire --  << "Access-Control-Allow-Origin: *[\r][\n]"
18:15:43.951 [main] DEBUG org.apache.http.wire --  << "ETag: W/"36-hDmZnQ3Ou/ynnqAeC6TYmyseuzY"[\r][\n]"
18:15:43.951 [main] DEBUG org.apache.http.wire --  << "CF-Cache-Status: DYNAMIC[\r][\n]"
18:15:43.951 [main] DEBUG org.apache.http.wire --  << "Report-To: {"endpoints":[{"url":"https:\/\/a.nel.cloudflare.com\/report\/v4?s=CksCuTCU0siVMmn1yzJEnMdFhKV7BWEW89BMlcCMTrTHkj6RvA0fJLW%2FuFgjRtxcknOZS9PHISKkOV5daTeLlGehqNyynGHI%2BGaX0cEZK6Yn9Qdyxcaw01MeGAEjemCeIkP2Pud0I6p0wejvsNJ0ZS2UwCA%3D"}],"group":"cf-nel","max_age":604800}[\r][\n]"
18:15:43.951 [main] DEBUG org.apache.http.wire --  << "NEL: {"success_fraction":0,"report_to":"cf-nel","max_age":604800}[\r][\n]"
18:15:43.951 [main] DEBUG org.apache.http.wire --  << "Server: cloudflare[\r][\n]"
18:15:43.951 [main] DEBUG org.apache.http.wire --  << "CF-RAY: 8be72896b86856bf-OSL[\r][\n]"
18:15:43.951 [main] DEBUG org.apache.http.wire --  << "alt-svc: h3=":443"; ma=86400[\r][\n]"
18:15:43.951 [main] DEBUG org.apache.http.wire --  << "[\r][\n]"
18:15:43.951 [main] DEBUG org.apache.http.impl.conn.DefaultClientConnection -- Receiving response: HTTP/1.1 202 Accepted
18:15:43.952 [main] DEBUG org.apache.http.headers -- << HTTP/1.1 202 Accepted
18:15:43.952 [main] DEBUG org.apache.http.headers -- << Date: Thu, 05 Sep 2024 15:12:37 GMT
18:15:43.952 [main] DEBUG org.apache.http.headers -- << Content-Type: application/json; charset=utf-8
18:15:43.952 [main] DEBUG org.apache.http.headers -- << Content-Length: 54
18:15:43.952 [main] DEBUG org.apache.http.headers -- << Connection: keep-alive
18:15:43.952 [main] DEBUG org.apache.http.headers -- << X-Powered-By: Express
18:15:43.952 [main] DEBUG org.apache.http.headers -- << Access-Control-Allow-Origin: *
18:15:43.952 [main] DEBUG org.apache.http.headers -- << ETag: W/"36-hDmZnQ3Ou/ynnqAeC6TYmyseuzY"
18:15:43.952 [main] DEBUG org.apache.http.headers -- << CF-Cache-Status: DYNAMIC
18:15:43.952 [main] DEBUG org.apache.http.headers -- << Report-To: {"endpoints":[{"url":"https:\/\/a.nel.cloudflare.com\/report\/v4?s=CksCuTCU0siVMmn1yzJEnMdFhKV7BWEW89BMlcCMTrTHkj6RvA0fJLW%2FuFgjRtxcknOZS9PHISKkOV5daTeLlGehqNyynGHI%2BGaX0cEZK6Yn9Qdyxcaw01MeGAEjemCeIkP2Pud0I6p0wejvsNJ0ZS2UwCA%3D"}],"group":"cf-nel","max_age":604800}
18:15:43.952 [main] DEBUG org.apache.http.headers -- << NEL: {"success_fraction":0,"report_to":"cf-nel","max_age":604800}
18:15:43.952 [main] DEBUG org.apache.http.headers -- << Server: cloudflare
18:15:43.952 [main] DEBUG org.apache.http.headers -- << CF-RAY: 8be72896b86856bf-OSL
18:15:43.952 [main] DEBUG org.apache.http.headers -- << alt-svc: h3=":443"; ma=86400
18:15:43.952 [main] DEBUG org.apache.http.impl.client.DefaultHttpClient -- Connection can be kept alive indefinitely
18:15:43.952 [main] DEBUG io.restassured.internal.RestAssuredHttpBuilder -- Parsing response as: application/json; charset=utf-8
18:15:43.952 [main] DEBUG io.restassured.internal.RestAssuredHttpBuilder -- Parsed data to instance of: class org.apache.http.conn.EofSensorInputStream
]]></system-out>
    <system-err><![CDATA[сент. 05, 2024 6:15:33 PM org.openqa.selenium.devtools.CdpVersionFinder findNearestMatch
WARNING: Unable to find an exact match for CDP version 128, returning the closest version; found: 126; Please update to a Selenium version that supports CDP version 128
]]></system-err>
  </testcase>
</testsuite>